  [1m[35m (117.5ms)[0m  [1m[34mSELECT pg_try_advisory_lock(890840153106522045);[0m
  [1m[36mActiveRecord::SchemaMigration Load (16.2ms)[0m  [1m[34mSELECT "schema_migrations".* FROM "schema_migrations"[0m
Migrating to AddTokenToUsers (20170330121639)
  [1m[35m (0.2ms)[0m  [1m[35mBEGIN[0m
  [1m[35m (1.0ms)[0m  [1m[35mALTER TABLE "users" ADD "token" character varying[0m
  [1m[35mSQL (0.4ms)[0m  [1m[32mINSERT INTO "schema_migrations" ("version") VALUES ($1) RETURNING "version"[0m  [["version", "20170330121639"]]
  [1m[35m (30.4ms)[0m  [1m[35mCOMMIT[0m
Migrating to CreateCarts (20170330135503)
  [1m[35m (0.1ms)[0m  [1m[35mBEGIN[0m
  [1m[35m (25.5ms)[0m  [1m[35mCREATE TABLE "carts" ("id" serial primary key, "token" character varying, "user_id" integer, "status" character varying, "created_at" timestamp NOT NULL, "updated_at" timestamp NOT NULL, CONSTRAINT "fk_rails_ea59a35211"
FOREIGN KEY ("user_id")
  REFERENCES "users" ("id")
)[0m
  [1m[35m (0.7ms)[0m  [1m[35mCREATE  INDEX  "index_carts_on_user_id" ON "carts"  ("user_id")[0m
  [1m[35mSQL (0.2ms)[0m  [1m[32mINSERT INTO "schema_migrations" ("version") VALUES ($1) RETURNING "version"[0m  [["version", "20170330135503"]]
  [1m[35m (1.3ms)[0m  [1m[35mCOMMIT[0m
Migrating to CreateLineItems (20170330135616)
  [1m[35m (0.2ms)[0m  [1m[35mBEGIN[0m
  [1m[35m (2.3ms)[0m  [1m[35mCREATE TABLE "line_items" ("id" serial primary key, "cart_id" integer, "item_id" integer, "created_at" timestamp NOT NULL, "updated_at" timestamp NOT NULL, CONSTRAINT "fk_rails_af645e8e5f"
FOREIGN KEY ("cart_id")
  REFERENCES "carts" ("id")
, CONSTRAINT "fk_rails_d159f7f5fb"
FOREIGN KEY ("item_id")
  REFERENCES "items" ("id")
)[0m
  [1m[35m (0.7ms)[0m  [1m[35mCREATE  INDEX  "index_line_items_on_cart_id" ON "line_items"  ("cart_id")[0m
  [1m[35m (0.8ms)[0m  [1m[35mCREATE  INDEX  "index_line_items_on_item_id" ON "line_items"  ("item_id")[0m
  [1m[35mSQL (0.2ms)[0m  [1m[32mINSERT INTO "schema_migrations" ("version") VALUES ($1) RETURNING "version"[0m  [["version", "20170330135616"]]
  [1m[35m (12.3ms)[0m  [1m[35mCOMMIT[0m
  [1m[36mActiveRecord::InternalMetadata Load (0.5ms)[0m  [1m[34mSELECT  "ar_internal_metadata".* FROM "ar_internal_metadata" WHERE "ar_internal_metadata"."key" = $1 LIMIT $2[0m  [["key", :environment], ["LIMIT", 1]]
  [1m[35m (0.2ms)[0m  [1m[35mBEGIN[0m
  [1m[35m (0.1ms)[0m  [1m[35mCOMMIT[0m
  [1m[35m (0.2ms)[0m  [1m[34mSELECT pg_advisory_unlock(890840153106522045)[0m
  [1m[36mActiveRecord::SchemaMigration Load (0.4ms)[0m  [1m[34mSELECT "schema_migrations".* FROM "schema_migrations"[0m
  [1m[36mSize Load (0.5ms)[0m  [1m[34mSELECT "sizes".* FROM "sizes"[0m
